2021-04-20 15:44:44 wechat_3word.py[line:39] INFO 同心、同心荟、活动,标题为:萧山召开全区统战工作会议暨区委统战工作领导小组（扩大）会议
2021-04-20 15:44:44 database.py[line:94] INFO 公众号：杭州统一战线，数据写入成功,标题为:萧山召开全区统战工作会议暨区委统战工作领导小组（扩大）会议
2021-04-20 15:44:47 wechat_3word.py[line:39] INFO 同心、同心荟、活动,标题为:【同心筑梦跟党走・新联人物】刘琼：变革创新成就事业 投身公益反哺社会
2021-04-20 15:44:47 database.py[line:94] INFO 公众号：杭州知联，数据写入成功,标题为:【同心筑梦跟党走・新联人物】刘琼：变革创新成就事业 投身公益反哺社会
2021-04-20 15:44:51 wechat_3word.py[line:39] INFO 同心、同心荟、活动,标题为:西湖区召开“互看互比互学”基层统战工作推进会
2021-04-20 15:44:51 database.py[line:94] INFO 公众号：西湖统战，数据写入成功,标题为:西湖区召开“互看互比互学”基层统战工作推进会
2021-04-20 15:44:52 wechat_3word.py[line:39] INFO 同心、同心荟、活动,标题为:把生活过成一首诗――北山街道“写给春天的诗行”诗歌朗诵会
2021-04-20 15:44:52 database.py[line:94] INFO 公众号：西湖统战，数据写入成功,标题为:把生活过成一首诗――北山街道“写给春天的诗行”诗歌朗诵会
2021-04-20 15:44:52 wechat_3word.py[line:39] INFO 同心、同心荟、活动,标题为:欧美商圈同心荟举办西湖“智创汇”――人才政策走进高校、园区系列巡回宣讲之浙商大创业园站活动
2021-04-20 15:44:52 database.py[line:94] INFO 公众号：西湖统战，数据写入成功,标题为:欧美商圈同心荟举办西湖“智创汇”――人才政策走进高校、园区系列巡回宣讲之浙商大创业园站活动
2021-04-20 15:44:53 wechat_3word.py[line:39] INFO 同心、同心荟、活动,标题为:黄龙“同心荟”创新服务 助推非公经济发展
2021-04-20 15:44:53 database.py[line:94] INFO 公众号：西湖统战，数据写入成功,标题为:黄龙“同心荟”创新服务 助推非公经济发展
2021-04-20 15:45:01 wechat_3word.py[line:39] INFO 同心、同心荟、活动,标题为:全区统战工作会议暨区委统战工作领导小组（扩大）会议召开
2021-04-20 15:45:01 database.py[line:94] INFO 公众号：萧山统战，数据写入成功,标题为:全区统战工作会议暨区委统战工作领导小组（扩大）会议召开
2021-04-20 15:45:09 wechat_3word.py[line:39] INFO 同心、同心荟、活动,标题为:浙江日报专题报道《数字驾驶舱推动上城统战智能化蝶变》
2021-04-20 15:45:09 database.py[line:94] INFO 公众号：杭州统一战线，数据写入成功,标题为:浙江日报专题报道《数字驾驶舱推动上城统战智能化蝶变》
2021-04-20 15:45:25 wechat_3word.py[line:39] INFO 同心、同心荟、活动,标题为:同心迎亚运 登高共奋进 | 新街街道开展新的社会阶层人士联谊活动
2021-04-20 15:45:25 database.py[line:94] INFO 公众号：萧山统战，数据写入成功,标题为:同心迎亚运 登高共奋进 | 新街街道开展新的社会阶层人士联谊活动
2021-04-20 15:45:27 wechat_3word.py[line:39] INFO 同心、同心荟、活动,标题为:凝心聚力再出发 | 富阳区新联会二届一次理事大会召开
2021-04-20 15:45:27 database.py[line:94] INFO 公众号：富阳统战，数据写入成功,标题为:凝心聚力再出发 | 富阳区新联会二届一次理事大会召开
2021-04-20 15:45:32 wechat_3word.py[line:39] INFO 同心、同心荟、活动,标题为:2020年，临安统战十个瞬间
2021-04-20 15:45:33 database.py[line:94] INFO 公众号：临安统战，数据写入成功,标题为:2020年，临安统战十个瞬间
2021-04-20 15:45:33 wechat_3word.py[line:39] INFO 同心、同心荟、活动,标题为:【统一战线“同心筑梦跟党走”主题分享】 桐庐统一战线开展“重忆革命史 重走初心路”党史学习教育主题活动
2021-04-20 15:45:33 database.py[line:94] INFO 公众号：杭州统一战线，数据写入成功,标题为:【统一战线“同心筑梦跟党走”主题分享】 桐庐统一战线开展“重忆革命史 重走初心路”党史学习教育主题活动
2021-04-20 15:45:33 wechat_3word.py[line:39] INFO 同心、同心荟、活动,标题为:杭州高新区（滨江）：以成立民营企业党委统战部为重要推手，扎实推动民营经济统战工作守正创新、提质增效
2021-04-20 15:45:33 database.py[line:94] INFO 公众号：杭州统一战线，数据写入成功,标题为:杭州高新区（滨江）：以成立民营企业党委统战部为重要推手，扎实推动民营经济统战工作守正创新、提质增效
2021-04-20 15:45:34 wechat_3word.py[line:39] INFO 同心、同心荟、活动,标题为:【网・下城】2020有趣有样的网络人
2021-04-20 15:45:34 database.py[line:94] INFO 公众号：杭州知联，数据写入成功,标题为:【网・下城】2020有趣有样的网络人
2021-04-20 15:45:35 wechat_3word.py[line:39] INFO 同心、同心荟、活动,标题为:【新・拱墅】2020，拱墅区新的社会阶层人士统战工作盘点
2021-04-20 15:45:35 database.py[line:94] INFO 公众号：杭州知联，数据写入成功,标题为:【新・拱墅】2020，拱墅区新的社会阶层人士统战工作盘点
2021-04-20 15:45:36 wechat_3word.py[line:39] INFO 同心、同心荟、活动,标题为:悟初心，筑同心丨高新区（滨江）网联会开展“同心筑梦跟党走”专题教育活动
2021-04-20 15:45:36 database.py[line:94] INFO 公众号：滨江统战，数据写入成功,标题为:悟初心，筑同心丨高新区（滨江）网联会开展“同心筑梦跟党走”专题教育活动
2021-04-20 15:45:39 wechat_3word.py[line:39] INFO 同心、同心荟、活动,标题为:全区党建群团工作会议召开，明确今年统战工作这样干！
2021-04-20 15:45:39 database.py[line:94] INFO 公众号：拱墅统战，数据写入成功,标题为:全区党建群团工作会议召开，明确今年统战工作这样干！
2021-04-20 15:45:40 wechat_3word.py[line:39] INFO 同心、同心荟、活动,标题为:拱墅区召开区委统战工作领导小组全体（扩大）会议
2021-04-20 15:45:40 database.py[line:94] INFO 公众号：拱墅统战，数据写入成功,标题为:拱墅区召开区委统战工作领导小组全体（扩大）会议
2021-04-20 15:45:43 wechat_3word.py[line:39] INFO 同心、同心荟、活动,标题为:【二十四节气丨今日清明】梨花风起正清明，献花留言寄哀思！
2021-04-20 15:45:43 database.py[line:94] INFO 公众号：杭州市上城区统一战线，数据写入成功,标题为:【二十四节气丨今日清明】梨花风起正清明，献花留言寄哀思！
2021-04-20 15:45:44 wechat_3word.py[line:39] INFO 同心、同心荟、活动,标题为:浙江日报连续两天点赞上城区数字统战工作经验
2021-04-20 15:45:44 database.py[line:94] INFO 公众号：杭州市上城区统一战线，数据写入成功,标题为:浙江日报连续两天点赞上城区数字统战工作经验
2021-04-20 15:45:47 wechat_3word.py[line:39] INFO 同心、同心荟、活动,标题为:【实践创新】富阳区：“五个规范化”助推民主党派基层组织建设提质增效
2021-04-20 15:45:47 database.py[line:94] INFO 公众号：富阳统战，数据写入成功,标题为:【实践创新】富阳区：“五个规范化”助推民主党派基层组织建设提质增效
2021-04-20 15:45:48 wechat_3word.py[line:39] INFO 同心、同心荟、活动,标题为:市委常委、统战部部长陈新华调研富阳区统战工作
2021-04-20 15:45:48 database.py[line:94] INFO 公众号：富阳统战，数据写入成功,标题为:市委常委、统战部部长陈新华调研富阳区统战工作
2021-04-20 15:45:53 wechat_3word.py[line:39] INFO 同心、同心荟、活动,标题为:上城区以数字统战为抓手，深入推进数字化改革
2021-04-20 15:45:53 database.py[line:94] INFO 公众号：杭州统一战线，数据写入成功,标题为:上城区以数字统战为抓手，深入推进数字化改革
2021-04-20 15:45:59 wechat_3word.py[line:39] INFO 同心、同心荟、活动,标题为:同心筑梦跟党走丨中控集团党委、统战部举行庆祝建党100周年系列活动启动仪式
2021-04-20 15:45:59 database.py[line:94] INFO 公众号：滨江统战，数据写入成功,标题为:同心筑梦跟党走丨中控集团党委、统战部举行庆祝建党100周年系列活动启动仪式
2021-04-20 15:46:01 wechat_3word.py[line:39] INFO 同心、同心荟、活动,标题为:画好网络同心圆 助推基层治理现代化
2021-04-20 15:46:01 database.py[line:94] INFO 公众号：西湖统战，数据写入成功,标题为:画好网络同心圆 助推基层治理现代化
2021-04-20 15:46:04 wechat_3word.py[line:39] INFO 同心、同心荟、活动,标题为:【同心万花“统”】走出去学！看紫阳街道这样为统战干部“加油充电”
2021-04-20 15:46:04 database.py[line:94] INFO 公众号：杭州市上城区统一战线，数据写入成功,标题为:【同心万花“统”】走出去学！看紫阳街道这样为统战干部“加油充电”
2021-04-20 15:46:05 wechat_3word.py[line:39] INFO 同心、同心荟、活动,标题为:农工党富阳区基层委召开理论学习中心学习会议暨班子（扩大）会议
2021-04-20 15:46:05 database.py[line:94] INFO 公众号：富阳统战，数据写入成功,标题为:农工党富阳区基层委召开理论学习中心学习会议暨班子（扩大）会议
2021-04-20 15:46:08 wechat_3word.py[line:39] INFO 同心、同心荟、活动,标题为:穿汉服、猜灯谜、投壶…同心荟这场元宵活动很“国潮”
2021-04-20 15:46:08 database.py[line:94] INFO 公众号：拱墅统战，数据写入成功,标题为:穿汉服、猜灯谜、投壶…同心荟这场元宵活动很“国潮”
2021-04-20 15:46:14 wechat_3word.py[line:39] INFO 同心、同心荟、活动,标题为:【乡贤工作】江干区：打造城市乡贤工作“一街一品” 矩阵
2021-04-20 15:46:14 database.py[line:94] INFO 公众号：杭州统一战线，数据写入成功,标题为:【乡贤工作】江干区：打造城市乡贤工作“一街一品” 矩阵
2021-04-20 15:46:14 wechat_3word.py[line:39] INFO 同心、同心荟、活动,标题为:推动新的社会阶层人士统战工作向纵深发展――市委常委、统战部部长陈新华赴城区专题调研
2021-04-20 15:46:14 database.py[line:94] INFO 公众号：杭州统一战线，数据写入成功,标题为:推动新的社会阶层人士统战工作向纵深发展――市委常委、统战部部长陈新华赴城区专题调研
2021-04-20 15:46:16 wechat_3word.py[line:39] INFO 同心、同心荟、活动,标题为:高新区（滨江）举行2021年民营企业统战示范创建工作推进会
2021-04-20 15:46:16 database.py[line:94] INFO 公众号：滨江统战，数据写入成功,标题为:高新区（滨江）举行2021年民营企业统战示范创建工作推进会
2021-04-20 15:46:18 wechat_3word.py[line:39] INFO 同心、同心荟、活动,标题为:嘉兴市委统战部一行来我区考察新阶层人士统战工作
2021-04-20 15:46:18 database.py[line:94] INFO 公众号：西湖统战，数据写入成功,标题为:嘉兴市委统战部一行来我区考察新阶层人士统战工作
2021-04-20 15:46:21 wechat_3word.py[line:39] INFO 同心、同心荟、活动,标题为:【同心红丨学党史】“花式”学党史！各街道都在做这件事！
2021-04-20 15:46:21 database.py[line:94] INFO 公众号：杭州市上城区统一战线，数据写入成功,标题为:【同心红丨学党史】“花式”学党史！各街道都在做这件事！
2021-04-20 15:46:23 wechat_3word.py[line:39] INFO 同心、同心荟、活动,标题为:致敬百年|我区举办网络人士宣讲团、“智库”成立仪式暨“潮音汇”2021“学党史 知党情 共奋斗” 直播课活动
2021-04-20 15:46:23 database.py[line:94] INFO 公众号：萧山统战，数据写入成功,标题为:致敬百年|我区举办网络人士宣讲团、“智库”成立仪式暨“潮音汇”2021“学党史 知党情 共奋斗” 直播课活动
2021-04-20 15:46:33 wechat_3word.py[line:39] INFO 同心、同心荟、活动,标题为:工作动态丨高新区（滨江）召开新的社会阶层人士统战工作推进座谈会
2021-04-20 15:46:34 database.py[line:94] INFO 公众号：滨江统战，数据写入成功,标题为:工作动态丨高新区（滨江）召开新的社会阶层人士统战工作推进座谈会
2021-04-20 15:46:38 wechat_3word.py[line:39] INFO 同心、同心荟、活动,标题为:中央统战部六局调研我区新的社会阶层人士统战工作
2021-04-20 15:46:38 database.py[line:94] INFO 公众号：杭州市上城区统一战线，数据写入成功,标题为:中央统战部六局调研我区新的社会阶层人士统战工作
2021-04-20 15:46:43 wechat_3word.py[line:39] INFO 同心、同心荟、活动,标题为:富阳区新联会召开班子会议，回顾总结2020年工作情况，研究谋划2021年工作安排
2021-04-20 15:46:43 database.py[line:94] INFO 公众号：富阳统战，数据写入成功,标题为:富阳区新联会召开班子会议，回顾总结2020年工作情况，研究谋划2021年工作安排
2021-04-20 15:46:44 wechat_3word.py[line:39] INFO 同心、同心荟、活动,标题为:“公益联盟・同心荟”暖心年货慰问留富建设者
2021-04-20 15:46:44 database.py[line:94] INFO 公众号：富阳统战，数据写入成功,标题为:“公益联盟・同心荟”暖心年货慰问留富建设者
2021-04-20 15:46:51 wechat_3word.py[line:39] INFO 同心、同心荟、活动,标题为:古荡街道开展统战人士、企业新春走访慰问活动
2021-04-20 15:46:51 database.py[line:94] INFO 公众号：西湖统战，数据写入成功,标题为:古荡街道开展统战人士、企业新春走访慰问活动
2021-04-20 15:47:01 wechat_3word.py[line:39] INFO 同心、同心荟、活动,标题为:【“庚子”回眸⑤】：新的社会阶层人士统战工作篇
2021-04-20 15:47:01 database.py[line:94] INFO 公众号：萧山统战，数据写入成功,标题为:【“庚子”回眸⑤】：新的社会阶层人士统战工作篇
2021-04-20 15:47:03 wechat_3word.py[line:39] INFO 同心、同心荟、活动,标题为:【实践创新】萧山区以“知新荟”为枢纽， 打造党外知识分子和新的社会阶层人士统战工作新格局
2021-04-20 15:47:03 database.py[line:94] INFO 公众号：杭州统一战线，数据写入成功,标题为:【实践创新】萧山区以“知新荟”为枢纽， 打造党外知识分子和新的社会阶层人士统战工作新格局
2021-04-20 15:47:05 wechat_3word.py[line:39] INFO 同心、同心荟、活动,标题为:同心筑梦跟党走丨兴耀集团奏响献礼建党百年三重奏
2021-04-20 15:47:05 database.py[line:94] INFO 公众号：滨江统战，数据写入成功,标题为:同心筑梦跟党走丨兴耀集团奏响献礼建党百年三重奏
2021-04-20 15:47:08 wechat_3word.py[line:39] INFO 同心、同心荟、活动,标题为:“互联互融・同心同行” ――蒋村街道统一战线联谊会
2021-04-20 15:47:09 database.py[line:94] INFO 公众号：西湖统战，数据写入成功,标题为:“互联互融・同心同行” ――蒋村街道统一战线联谊会
2021-04-20 15:47:09 wechat_3word.py[line:39] INFO 同心、同心荟、活动,标题为:艺创小镇同心荟｜“新媒体时代舆情管理和新闻发言”公益讲座
2021-04-20 15:47:09 database.py[line:94] INFO 公众号：西湖统战，数据写入成功,标题为:艺创小镇同心荟｜“新媒体时代舆情管理和新闻发言”公益讲座
2021-04-20 15:47:15 wechat_3word.py[line:39] INFO 同心、同心荟、活动,标题为:轮值工作顺利交接！区知联会、新联会、网联会开启2021年新征程
2021-04-20 15:47:15 database.py[line:94] INFO 公众号：杭州市上城区统一战线，数据写入成功,标题为:轮值工作顺利交接！区知联会、新联会、网联会开启2021年新征程
2021-04-20 15:47:17 wechat_3word.py[line:39] INFO 同心、同心荟、活动,标题为:杭州高新区（滨江）实现民营企业党委统战部全覆盖
2021-04-20 15:47:17 database.py[line:94] INFO 公众号：杭州统一战线，数据写入成功,标题为:杭州高新区（滨江）实现民营企业党委统战部全覆盖
2021-04-20 15:47:18 wechat_3word.py[line:39] INFO 同心、同心荟、活动,标题为:汇聚统战力量 建设“重要窗口” ――2020年浙江统战工作亮点展示
2021-04-20 15:47:18 database.py[line:94] INFO 公众号：杭州统一战线，数据写入成功,标题为:汇聚统战力量 建设“重要窗口” ――2020年浙江统战工作亮点展示
2021-04-20 15:47:22 wechat_3word.py[line:39] INFO 同心、同心荟、活动,标题为:今天你喝粥了吗？西湖区统战系统开展腊八节送温暖活动
2021-04-20 15:47:22 database.py[line:94] INFO 公众号：西湖统战，数据写入成功,标题为:今天你喝粥了吗？西湖区统战系统开展腊八节送温暖活动
2021-04-20 15:47:32 wechat_3word.py[line:39] INFO 同心、同心荟、活动,标题为:回首2020年建德统战工作，细数走过的每一个瞬间！
2021-04-20 15:47:32 database.py[line:94] INFO 公众号：杭州统一战线，数据写入成功,标题为:回首2020年建德统战工作，细数走过的每一个瞬间！
2021-04-20 15:47:32 wechat_3word.py[line:39] INFO 同心、同心荟、活动,标题为:2020，拱墅区新的社会阶层人士统战工作盘点
2021-04-20 15:47:32 database.py[line:94] INFO 公众号：杭州统一战线，数据写入成功,标题为:2020，拱墅区新的社会阶层人士统战工作盘点
2021-04-20 15:47:34 wechat_3word.py[line:39] INFO 同心、同心荟、活动,标题为:工作动态丨东部软件园统战部慰问园区统战人士代表
2021-04-20 15:47:34 database.py[line:94] INFO 公众号：滨江统战，数据写入成功,标题为:工作动态丨东部软件园统战部慰问园区统战人士代表
2021-04-20 15:47:35 wechat_3word.py[line:39] INFO 同心、同心荟、活动,标题为:还在节后综合症？新乡贤座谈会帮你轻松击退
2021-04-20 15:47:35 database.py[line:94] INFO 公众号：杭州市上城区统一战线，数据写入成功,标题为:还在节后综合症？新乡贤座谈会帮你轻松击退
2021-04-20 15:47:41 wechat_3word.py[line:39] INFO 同心、同心荟、活动,标题为:55家！高新区（滨江）率先实现民营企业党委统战部全覆盖~
2021-04-20 15:47:41 database.py[line:94] INFO 公众号：滨江统战，数据写入成功,标题为:55家！高新区（滨江）率先实现民营企业党委统战部全覆盖~
2021-04-20 15:47:50 wechat_3word.py[line:39] INFO 同心、同心荟、活动,标题为:上城统战拜年纪丨清波街道向统战成员拜年啦！
2021-04-20 15:47:50 database.py[line:94] INFO 公众号：杭州市上城区统一战线，数据写入成功,标题为:上城统战拜年纪丨清波街道向统战成员拜年啦！
2021-04-20 15:47:51 wechat_3word.py[line:39] INFO 同心、同心荟、活动,标题为:上城统战拜年纪丨湖滨街道向统战成员拜年啦！
2021-04-20 15:47:51 database.py[line:94] INFO 公众号：杭州市上城区统一战线，数据写入成功,标题为:上城统战拜年纪丨湖滨街道向统战成员拜年啦！
2021-04-20 15:47:59 wechat_3word.py[line:39] INFO 同心、同心荟、活动,标题为:【上城统战盘点2020】带你看直播・清河坊同心荟这一年
2021-04-20 15:47:59 database.py[line:94] INFO 公众号：杭州市上城区统一战线，数据写入成功,标题为:【上城统战盘点2020】带你看直播・清河坊同心荟这一年
2021-04-20 15:48:02 wechat_3word.py[line:39] INFO 同心、同心荟、活动,标题为:【上城统战盘点2020】带你看智造・同心荟这一年
2021-04-20 15:48:02 database.py[line:94] INFO 公众号：杭州市上城区统一战线，数据写入成功,标题为:【上城统战盘点2020】带你看智造・同心荟这一年
2021-04-20 15:48:02 wechat_3word.py[line:39] INFO 同心、同心荟、活动,标题为:【上城统战盘点2020】带你看睦邻・同心集这一年
2021-04-20 15:48:02 database.py[line:94] INFO 公众号：杭州市上城区统一战线，数据写入成功,标题为:【上城统战盘点2020】带你看睦邻・同心集这一年
2021-04-20 15:48:03 wechat_3word.py[line:39] INFO 同心、同心荟、活动,标题为:【上城统战盘点2020】带你看智・和同心荟这一年
2021-04-20 15:48:03 database.py[line:94] INFO 公众号：杭州市上城区统一战线，数据写入成功,标题为:【上城统战盘点2020】带你看智・和同心荟这一年
2021-04-20 15:48:09 wechat_3word.py[line:39] INFO 同心、同心荟、活动,标题为:【同心万花“统”】 阳春三月学雷锋，统战成员在行动！
2021-04-20 15:48:09 database.py[line:94] INFO 公众号：杭州市上城区统一战线，数据写入成功,标题为:【同心万花“统”】 阳春三月学雷锋，统战成员在行动！
2021-04-20 15:48:13 wechat_3word.py[line:39] INFO 同心、同心荟、活动,标题为:【上城统战盘点2020】带你看E・智同心荟这一年
2021-04-20 15:48:13 database.py[line:94] INFO 公众号：杭州市上城区统一战线，数据写入成功,标题为:【上城统战盘点2020】带你看E・智同心荟这一年
2021-04-20 15:48:14 wechat_3word.py[line:39] INFO 同心、同心荟、活动,标题为:【上城统战盘点2020】带你看和合・同心荟这一年
2021-04-20 15:48:14 database.py[line:94] INFO 公众号：杭州市上城区统一战线，数据写入成功,标题为:【上城统战盘点2020】带你看和合・同心荟这一年
2021-04-20 15:48:14 wechat_3word.py[line:39] INFO 同心、同心荟、活动,标题为:小温暖大统战，共绘“同心圆”
2021-04-20 15:48:14 database.py[line:94] INFO 公众号：杭州市上城区统一战线，数据写入成功,标题为:小温暖大统战，共绘“同心圆”
2021-04-20 15:48:15 wechat_3word.py[line:39] INFO 同心、同心荟、活动,标题为:【上城统战盘点2020】带你看晴雨・同心荟这一年
2021-04-20 15:48:15 database.py[line:94] INFO 公众号：杭州市上城区统一战线，数据写入成功,标题为:【上城统战盘点2020】带你看晴雨・同心荟这一年
