2022-08-26 15:34:33 database.py[line:76] INFO 微信账号写入成功,标题为:千岛湖旅游
2022-08-26 15:34:33 database.py[line:76] INFO 微信账号写入成功,标题为:千岛湖洲际度假酒店
2022-08-26 15:34:33 database.py[line:76] INFO 微信账号写入成功,标题为:杭州千岛湖绿城度假酒店
2022-08-26 15:34:33 database.py[line:76] INFO 微信账号写入成功,标题为:千岛湖啤酒CheerDay
2022-08-26 15:34:33 database.py[line:76] INFO 微信账号写入成功,标题为:千岛湖银泰城广场店
2022-08-26 15:34:33 database.py[line:76] INFO 微信账号写入成功,标题为:淳安郭村瀛山书院
2022-08-26 15:34:33 database.py[line:76] INFO 微信账号写入成功,标题为:青溪山居
2022-08-26 15:34:33 database.py[line:76] INFO 微信账号写入成功,标题为:谦牧山
2022-08-26 15:34:33 database.py[line:76] INFO 微信账号写入成功,标题为:茂山青田野
2022-08-26 15:34:33 database.py[line:76] INFO 微信账号写入成功,标题为:千岛玄山
2022-08-26 15:34:34 database.py[line:76] INFO 微信账号写入成功,标题为:千岛玉叶调研队
2022-08-26 15:34:34 database.py[line:76] INFO 微信账号写入成功,标题为:玉叶造价
2022-08-26 15:34:34 database.py[line:76] INFO 微信账号写入成功,标题为:玉叶阅读
2022-08-26 15:34:34 database.py[line:76] INFO 微信账号写入成功,标题为:玉叶生鲜馆
2022-08-26 15:34:34 database.py[line:76] INFO 微信账号写入成功,标题为:金盏玉叶茶业技能等级认定中心
2022-08-26 15:34:35 database.py[line:76] INFO 微信账号写入成功,标题为:明州笋干老鸭煲
2022-08-26 15:34:35 database.py[line:76] INFO 微信账号写入成功,标题为:笋干说
2022-08-26 15:34:35 database.py[line:76] INFO 微信账号写入成功,标题为:稀粥与笋干
2022-08-26 15:34:35 database.py[line:76] INFO 微信账号写入成功,标题为:传闻笋干菜谱
2022-08-26 15:34:35 database.py[line:76] INFO 微信账号写入成功,标题为:水灵的笋干
