2021-04-21 09:28:52 get_token.py[line:46] INFO token 保存至redis成功：746571192
2021-04-21 09:29:08 get_token.py[line:46] INFO token 保存至redis成功：746571192
2021-04-21 09:29:13 database.py[line:40] INFO 公众号：杭州市上城区统一战线,发布时间：time.struct_time(tm_year=2020, tm_mon=3, tm_mday=13, tm_hour=13, tm_min=37, tm_sec=20, tm_wday=4, tm_yday=73, tm_isdst=0)，数据写入成功,标题为:最新放假通知！劳动节放5天！
2021-04-21 09:29:13 database.py[line:40] INFO 公众号：杭州市上城区统一战线,发布时间：time.struct_time(tm_year=2020, tm_mon=3, tm_mday=12, tm_hour=22, tm_min=8, tm_sec=49, tm_wday=3, tm_yday=72, tm_isdst=0)，数据写入成功,标题为:美股暴跌，触发第二次熔断！
2021-04-21 09:29:13 database.py[line:40] INFO 公众号：杭州市上城区统一战线,发布时间：time.struct_time(tm_year=2020, tm_mon=3, tm_mday=13, tm_hour=9, tm_min=57, tm_sec=0, tm_wday=4, tm_yday=73, tm_isdst=0)，数据写入成功,标题为:林安琪：以文艺力量助力
2021-04-21 09:29:13 database.py[line:40] INFO 公众号：杭州市上城区统一战线,发布时间：time.struct_time(tm_year=2020, tm_mon=3, tm_mday=12, tm_hour=16, tm_min=42, tm_sec=57, tm_wday=3, tm_yday=72, tm_isdst=0)，数据写入成功,标题为:刚刚,杭州又通报一例无症状的感染者:从事国际交流服务工作,常规体检时发现!密切接触者已进行隔离和医学观
2021-04-21 09:29:14 database.py[line:40] INFO 公众号：杭州市上城区统一战线,发布时间：time.struct_time(tm_year=2020, tm_mon=3, tm_mday=13, tm_hour=8, tm_min=0, tm_sec=0, tm_wday=4, tm_yday=73, tm_isdst=0)，数据写入成功,标题为:为人民群众的生命健康筑牢防护墙，他这么做……
2021-04-21 09:29:18 database.py[line:40] INFO 公众号：杭州市上城区统一战线,发布时间：time.struct_time(tm_year=2020, tm_mon=3, tm_mday=15, tm_hour=8, tm_min=59, tm_sec=0, tm_wday=6, tm_yday=75, tm_isdst=0)，数据写入成功,标题为:双线作战系列之企业篇（七）央视点赞中策橡胶集团“火线”复工
2021-04-21 09:29:18 database.py[line:40] INFO 公众号：杭州市上城区统一战线,发布时间：time.struct_time(tm_year=2020, tm_mon=3, tm_mday=14, tm_hour=14, tm_min=0, tm_sec=0, tm_wday=5, tm_yday=74, tm_isdst=0)，数据写入成功,标题为:一次下单77杯！5升装“奶茶桶”卖疯了！网友：憋太久开始“报复性消费”了？
2021-04-21 09:29:18 database.py[line:40] INFO 公众号：杭州市上城区统一战线,发布时间：time.struct_time(tm_year=2020, tm_mon=3, tm_mday=14, tm_hour=12, tm_min=0, tm_sec=0, tm_wday=5, tm_yday=74, tm_isdst=0)，数据写入成功,标题为:划重点：有娃的看过来，以后儿童口罩将分大中小……
2021-04-21 09:29:18 database.py[line:40] INFO 公众号：杭州市上城区统一战线,发布时间：time.struct_time(tm_year=2020, tm_mon=3, tm_mday=14, tm_hour=9, tm_min=0, tm_sec=0, tm_wday=5, tm_yday=74, tm_isdst=0)，数据写入成功,标题为:双线作战系列之企业篇（六） 为助力小微企业渡难关，泰隆银行“硬核”出招
2021-04-21 09:29:18 database.py[line:40] INFO 公众号：杭州市上城区统一战线,发布时间：time.struct_time(tm_year=2020, tm_mon=3, tm_mday=13, tm_hour=14, tm_min=53, tm_sec=50, tm_wday=4, tm_yday=73, tm_isdst=0)，数据写入成功,标题为:春风十里， 不如爱在“浙”里！
2021-04-21 09:29:24 database.py[line:40] INFO 公众号：杭州市上城区统一战线,发布时间：time.struct_time(tm_year=2020, tm_mon=3, tm_mday=16, tm_hour=9, tm_min=54, tm_sec=10, tm_wday=0, tm_yday=76, tm_isdst=0)，数据写入成功,标题为:英国飞中国18万,40张天价机票迅速卖光!多国进入紧急状态!张文宏:疫情在今年夏天结束基本不可能…
2021-04-21 09:29:24 database.py[line:40] INFO 公众号：杭州市上城区统一战线,发布时间：time.struct_time(tm_year=2020, tm_mon=3, tm_mday=16, tm_hour=9, tm_min=0, tm_sec=0, tm_wday=0, tm_yday=76, tm_isdst=0)，数据写入成功,标题为:风雨同心丨九三志愿者，抗疫在行动
2021-04-21 09:29:24 database.py[line:40] INFO 公众号：杭州市上城区统一战线,发布时间：time.struct_time(tm_year=2020, tm_mon=3, tm_mday=15, tm_hour=12, tm_min=7, tm_sec=0, tm_wday=6, tm_yday=75, tm_isdst=0)，数据写入成功,标题为:病毒在飞机上的传播概率多大？一张示意图带你看清
2021-04-21 09:29:24 database.py[line:40] INFO 公众号：杭州市上城区统一战线,发布时间：time.struct_time(tm_year=2020, tm_mon=3, tm_mday=14, tm_hour=16, tm_min=9, tm_sec=58, tm_wday=5, tm_yday=74, tm_isdst=0)，数据写入成功,标题为:一段视频了解中国与瘟疫的千年战争
2021-04-21 09:29:28 database.py[line:40] INFO 公众号：杭州市上城区统一战线,发布时间：time.struct_time(tm_year=2020, tm_mon=3, tm_mday=16, tm_hour=22, tm_min=33, tm_sec=19, tm_wday=0, tm_yday=76, tm_isdst=0)，数据写入成功,标题为:刚刚，美股又熔断！
2021-04-21 09:29:28 database.py[line:40] INFO 公众号：杭州市上城区统一战线,发布时间：time.struct_time(tm_year=2020, tm_mon=3, tm_mday=17, tm_hour=9, tm_min=0, tm_sec=0, tm_wday=1, tm_yday=77, tm_isdst=0)，数据写入成功,标题为:一位媒体人的战“疫”时刻
2021-04-21 09:29:28 database.py[line:40] INFO 公众号：杭州市上城区统一战线,发布时间：time.struct_time(tm_year=2020, tm_mon=3, tm_mday=17, tm_hour=10, tm_min=20, tm_sec=0, tm_wday=1, tm_yday=77, tm_isdst=0)，数据写入成功,标题为:双线作战系列之企业篇（八）特美刻的线上多渠道营销策略
2021-04-21 09:29:29 database.py[line:40] INFO 公众号：杭州市上城区统一战线,发布时间：time.struct_time(tm_year=2020, tm_mon=3, tm_mday=16, tm_hour=16, tm_min=20, tm_sec=26, tm_wday=0, tm_yday=76, tm_isdst=0)，数据写入成功,标题为:拼了拼了，银泰百货总裁化身小助理亲自直播带货
2021-04-21 09:29:29 database.py[line:40] INFO 公众号：杭州市上城区统一战线,发布时间：time.struct_time(tm_year=2020, tm_mon=3, tm_mday=16, tm_hour=12, tm_min=8, tm_sec=6, tm_wday=0, tm_yday=76, tm_isdst=0)，数据写入成功,标题为:海外留学人员新型冠状病毒肺炎防控指南
2021-04-21 09:29:34 database.py[line:40] INFO 公众号：杭州市上城区统一战线,发布时间：time.struct_time(tm_year=2020, tm_mon=3, tm_mday=18, tm_hour=10, tm_min=31, tm_sec=0, tm_wday=2, tm_yday=78, tm_isdst=0)，数据写入成功,标题为:双线作战系列之企业篇（九）丰平的“三三策略”
2021-04-21 09:29:34 database.py[line:40] INFO 公众号：杭州市上城区统一战线,发布时间：time.struct_time(tm_year=2020, tm_mon=3, tm_mday=17, tm_hour=19, tm_min=33, tm_sec=8, tm_wday=1, tm_yday=77, tm_isdst=0)，数据写入成功,标题为:独家！重组新冠疫苗获批启动临床试验
2021-04-21 09:29:34 database.py[line:40] INFO 公众号：杭州市上城区统一战线,发布时间：time.struct_time(tm_year=2020, tm_mon=3, tm_mday=18, tm_hour=9, tm_min=0, tm_sec=0, tm_wday=2, tm_yday=78, tm_isdst=0)，数据写入成功,标题为:捐赠百万防疫物资、开通线上问诊……方回春堂这样抗击疫情
2021-04-21 09:29:34 database.py[line:40] INFO 公众号：杭州市上城区统一战线,发布时间：time.struct_time(tm_year=2020, tm_mon=3, tm_mday=17, tm_hour=15, tm_min=0, tm_sec=0, tm_wday=1, tm_yday=77, tm_isdst=0)，数据写入成功,标题为:在疫情严重国家的留学生要不要回国？张文宏建议：首先要考虑两个问题
2021-04-21 09:29:35 database.py[line:40] INFO 公众号：杭州市上城区统一战线,发布时间：time.struct_time(tm_year=2020, tm_mon=3, tm_mday=17, tm_hour=12, tm_min=10, tm_sec=52, tm_wday=1, tm_yday=77, tm_isdst=0)，数据写入成功,标题为:定了!杭州公交地铁这两时段免费乘坐!
2021-04-21 09:29:40 database.py[line:40] INFO 公众号：杭州市上城区统一战线,发布时间：time.struct_time(tm_year=2020, tm_mon=3, tm_mday=19, tm_hour=10, tm_min=51, tm_sec=0, tm_wday=3, tm_yday=79, tm_isdst=0)，数据写入成功,标题为:双线作战系列之企业篇（十）海兴电力解锁复工新“姿势”
2021-04-21 09:29:40 database.py[line:40] INFO 公众号：杭州市上城区统一战线,发布时间：time.struct_time(tm_year=2020, tm_mon=3, tm_mday=18, tm_hour=21, tm_min=43, tm_sec=35, tm_wday=2, tm_yday=78, tm_isdst=0)，数据写入成功,标题为:浙江明确了！
2021-04-21 09:29:40 database.py[line:40] INFO 公众号：杭州市上城区统一战线,发布时间：time.struct_time(tm_year=2020, tm_mon=3, tm_mday=19, tm_hour=9, tm_min=0, tm_sec=0, tm_wday=3, tm_yday=79, tm_isdst=0)，数据写入成功,标题为:致公大讲堂开网课啦！
2021-04-21 09:29:41 database.py[line:40] INFO 公众号：杭州市上城区统一战线,发布时间：time.struct_time(tm_year=2020, tm_mon=3, tm_mday=18, tm_hour=11, tm_min=20, tm_sec=31, tm_wday=2, tm_yday=78, tm_isdst=0)，数据写入成功,标题为:NBA著名球星确诊!美国国务院现多起感染!中国多省升级防输入措施:所有入境人员隔离费用自理!专家:返杭家庭及时上报
2021-04-21 09:29:45 database.py[line:40] INFO 公众号：杭州市上城区统一战线,发布时间：time.struct_time(tm_year=2020, tm_mon=3, tm_mday=20, tm_hour=12, tm_min=55, tm_sec=0, tm_wday=4, tm_yday=80, tm_isdst=0)，数据写入成功,标题为:北上广最新机场入境流程及主要目的地国入境、签证政策最新汇总
2021-04-21 09:29:45 database.py[line:40] INFO 公众号：杭州市上城区统一战线,发布时间：time.struct_time(tm_year=2020, tm_mon=3, tm_mday=20, tm_hour=10, tm_min=26, tm_sec=0, tm_wday=4, tm_yday=80, tm_isdst=0)，数据写入成功,标题为:双线作战系列之部门篇（三）区法院防范涉疫消费风险  服务经济疫后复苏
2021-04-21 09:29:45 database.py[line:40] INFO 公众号：杭州市上城区统一战线,发布时间：time.struct_time(tm_year=2020, tm_mon=3, tm_mday=19, tm_hour=17, tm_min=52, tm_sec=52, tm_wday=3, tm_yday=79, tm_isdst=0)，数据写入成功,标题为:澳籍回国"豪横"女,限期离境!刚刚,官方这份通报万人点赞!
2021-04-21 09:29:45 database.py[line:40] INFO 公众号：杭州市上城区统一战线,发布时间：time.struct_time(tm_year=2020, tm_mon=3, tm_mday=20, tm_hour=9, tm_min=0, tm_sec=0, tm_wday=4, tm_yday=80, tm_isdst=0)，数据写入成功,标题为:今日春分|春风送温暖，“互联网+问诊”更便利
2021-04-21 09:29:45 database.py[line:40] INFO 公众号：杭州市上城区统一战线,发布时间：time.struct_time(tm_year=2020, tm_mon=3, tm_mday=19, tm_hour=11, tm_min=32, tm_sec=56, tm_wday=3, tm_yday=79, tm_isdst=0)，数据写入成功,标题为:疫情升级，留学生该怎么办？驻美大使崔天凯给出这些建议
2021-04-21 09:29:50 database.py[line:40] INFO 公众号：杭州市上城区统一战线,发布时间：time.struct_time(tm_year=2020, tm_mon=3, tm_mday=23, tm_hour=11, tm_min=48, tm_sec=27, tm_wday=0, tm_yday=83, tm_isdst=0)，数据写入成功,标题为:刚刚，杭州重磅发布！
2021-04-21 09:29:50 database.py[line:40] INFO 公众号：杭州市上城区统一战线,发布时间：time.struct_time(tm_year=2020, tm_mon=3, tm_mday=23, tm_hour=9, tm_min=13, tm_sec=36, tm_wday=0, tm_yday=83, tm_isdst=0)，数据写入成功,标题为:一图读懂 | 公众科学戴口罩指引
2021-04-21 09:29:50 database.py[line:40] INFO 公众号：杭州市上城区统一战线,发布时间：time.struct_time(tm_year=2020, tm_mon=3, tm_mday=22, tm_hour=9, tm_min=15, tm_sec=0, tm_wday=6, tm_yday=82, tm_isdst=0)，数据写入成功,标题为:双线作战系列之街道篇（四）电子机械功能区“防疫+复工”两手抓助推企业有序复工
2021-04-21 09:29:50 database.py[line:40] INFO 公众号：杭州市上城区统一战线,发布时间：time.struct_time(tm_year=2020, tm_mon=3, tm_mday=21, tm_hour=9, tm_min=0, tm_sec=0, tm_wday=5, tm_yday=81, tm_isdst=0)，数据写入成功,标题为:抗击疫情，他们的工作被肯定！
2021-04-21 09:29:50 database.py[line:40] INFO 公众号：杭州市上城区统一战线,发布时间：time.struct_time(tm_year=2020, tm_mon=3, tm_mday=20, tm_hour=17, tm_min=5, tm_sec=21, tm_wday=4, tm_yday=80, tm_isdst=0)，数据写入成功,标题为:疫情什么时候才能结束？国家卫健委专家组成员这样回答
2021-04-21 09:29:55 database.py[line:40] INFO 公众号：杭州市上城区统一战线,发布时间：time.struct_time(tm_year=2020, tm_mon=3, tm_mday=24, tm_hour=15, tm_min=26, tm_sec=13, tm_wday=1, tm_yday=84, tm_isdst=0)，数据写入成功,标题为:为企业复工复产减负还能做些什么？
2021-04-21 09:29:55 database.py[line:40] INFO 公众号：杭州市上城区统一战线,发布时间：time.struct_time(tm_year=2020, tm_mon=3, tm_mday=24, tm_hour=10, tm_min=40, tm_sec=47, tm_wday=1, tm_yday=84, tm_isdst=0)，数据写入成功,标题为:俄媒说了大实话：当初批评中国的防疫措施，现在西方都用上了
2021-04-21 09:29:56 database.py[line:40] INFO 公众号：杭州市上城区统一战线,发布时间：time.struct_time(tm_year=2020, tm_mon=3, tm_mday=24, tm_hour=9, tm_min=54, tm_sec=45, tm_wday=1, tm_yday=84, tm_isdst=0)，数据写入成功,标题为:25日起，非香港居民乘飞机抵港将不准入境
2021-04-21 09:29:56 database.py[line:40] INFO 公众号：杭州市上城区统一战线,发布时间：time.struct_time(tm_year=2020, tm_mon=3, tm_mday=23, tm_hour=15, tm_min=32, tm_sec=17, tm_wday=0, tm_yday=83, tm_isdst=0)，数据写入成功,标题为:浙江省重大突发公共卫生事件二级响应调整为三级响应
2021-04-21 09:29:56 database.py[line:40] INFO 公众号：杭州市上城区统一战线,发布时间：time.struct_time(tm_year=2020, tm_mon=3, tm_mday=23, tm_hour=15, tm_min=19, tm_sec=44, tm_wday=0, tm_yday=83, tm_isdst=0)，数据写入成功,标题为:双线作战系列之街道篇（五） 湖滨街道答好“三道题”促进商圈复工
2021-04-21 09:30:01 database.py[line:40] INFO 公众号：杭州市上城区统一战线,发布时间：time.struct_time(tm_year=2020, tm_mon=3, tm_mday=25, tm_hour=17, tm_min=2, tm_sec=56, tm_wday=2, tm_yday=85, tm_isdst=0)，数据写入成功,标题为:清明扫墓网上预约第一天，有公墓名额已经被秒空！这里教你约！
2021-04-21 09:30:01 database.py[line:40] INFO 公众号：杭州市上城区统一战线,发布时间：time.struct_time(tm_year=2020, tm_mon=3, tm_mday=25, tm_hour=14, tm_min=29, tm_sec=24, tm_wday=2, tm_yday=85, tm_isdst=0)，数据写入成功,标题为:抗疫走亲――以“消费扶贫”助力 结对民族乡村复工复产
2021-04-21 09:30:01 database.py[line:40] INFO 公众号：杭州市上城区统一战线,发布时间：time.struct_time(tm_year=2020, tm_mon=3, tm_mday=25, tm_hour=14, tm_min=6, tm_sec=41, tm_wday=2, tm_yday=85, tm_isdst=0)，数据写入成功,标题为:定了!杭州今年一次性增加2万个小客车指标!
2021-04-21 09:30:01 database.py[line:40] INFO 公众号：杭州市上城区统一战线,发布时间：time.struct_time(tm_year=2020, tm_mon=3, tm_mday=25, tm_hour=10, tm_min=18, tm_sec=7, tm_wday=2, tm_yday=85, tm_isdst=0)，数据写入成功,标题为:这里有一份杭港合作的惊喜请查收：打造“杭港合作高地 全球互联客厅”
2021-04-21 09:30:01 database.py[line:40] INFO 公众号：杭州市上城区统一战线,发布时间：time.struct_time(tm_year=2020, tm_mon=3, tm_mday=24, tm_hour=16, tm_min=38, tm_sec=24, tm_wday=1, tm_yday=84, tm_isdst=0)，数据写入成功,标题为:浙江出台《意见》：鼓励一周休2.5天！
2021-04-21 09:30:06 database.py[line:40] INFO 公众号：杭州市上城区统一战线,发布时间：time.struct_time(tm_year=2020, tm_mon=3, tm_mday=27, tm_hour=10, tm_min=0, tm_sec=31, tm_wday=4, tm_yday=87, tm_isdst=0)，数据写入成功,标题为:嘉兴病例详情公布!从萧山机场接回海宁后自驾回温州扫墓,之后确诊!
2021-04-21 09:30:06 database.py[line:40] INFO 公众号：杭州市上城区统一战线,发布时间：time.struct_time(tm_year=2020, tm_mon=3, tm_mday=27, tm_hour=9, tm_min=13, tm_sec=56, tm_wday=4, tm_yday=87, tm_isdst=0)，数据写入成功,标题为:杭州今起发放16.8亿元电子消费券，你领到了吗？申领和使用须知来了
2021-04-21 09:30:06 database.py[line:40] INFO 公众号：杭州市上城区统一战线,发布时间：time.struct_time(tm_year=2020, tm_mon=3, tm_mday=26, tm_hour=16, tm_min=3, tm_sec=5, tm_wday=3, tm_yday=86, tm_isdst=0)，数据写入成功,标题为:海外留学生，这里有一份来自祖国的防疫攻略
2021-04-21 09:30:06 database.py[line:40] INFO 公众号：杭州市上城区统一战线,发布时间：time.struct_time(tm_year=2020, tm_mon=3, tm_mday=26, tm_hour=14, tm_min=11, tm_sec=51, tm_wday=3, tm_yday=86, tm_isdst=0)，数据写入成功,标题为:重大发现!病毒1月1日起就在意大利传播
2021-04-21 09:30:06 database.py[line:40] INFO 公众号：杭州市上城区统一战线,发布时间：time.struct_time(tm_year=2020, tm_mon=3, tm_mday=26, tm_hour=11, tm_min=16, tm_sec=1, tm_wday=3, tm_yday=86, tm_isdst=0)，数据写入成功,标题为:全球确诊超40万例！钟南山新建议上热搜……
2021-04-21 09:30:11 database.py[line:40] INFO 公众号：杭州市上城区统一战线,发布时间：time.struct_time(tm_year=2020, tm_mon=3, tm_mday=27, tm_hour=10, tm_min=0, tm_sec=31, tm_wday=4, tm_yday=87, tm_isdst=0)，数据写入成功,标题为:嘉兴病例详情公布!从萧山机场接回海宁后自驾回温州扫墓,之后确诊!
2021-04-21 09:30:11 database.py[line:40] INFO 公众号：杭州市上城区统一战线,发布时间：time.struct_time(tm_year=2020, tm_mon=3, tm_mday=27, tm_hour=9, tm_min=13, tm_sec=56, tm_wday=4, tm_yday=87, tm_isdst=0)，数据写入成功,标题为:杭州今起发放16.8亿元电子消费券，你领到了吗？申领和使用须知来了
2021-04-21 09:30:11 database.py[line:40] INFO 公众号：杭州市上城区统一战线,发布时间：time.struct_time(tm_year=2020, tm_mon=3, tm_mday=26, tm_hour=16, tm_min=3, tm_sec=5, tm_wday=3, tm_yday=86, tm_isdst=0)，数据写入成功,标题为:海外留学生，这里有一份来自祖国的防疫攻略
2021-04-21 09:30:11 database.py[line:40] INFO 公众号：杭州市上城区统一战线,发布时间：time.struct_time(tm_year=2020, tm_mon=3, tm_mday=26, tm_hour=14, tm_min=11, tm_sec=51, tm_wday=3, tm_yday=86, tm_isdst=0)，数据写入成功,标题为:重大发现!病毒1月1日起就在意大利传播
2021-04-21 09:30:11 database.py[line:40] INFO 公众号：杭州市上城区统一战线,发布时间：time.struct_time(tm_year=2020, tm_mon=3, tm_mday=26, tm_hour=11, tm_min=16, tm_sec=1, tm_wday=3, tm_yday=86, tm_isdst=0)，数据写入成功,标题为:全球确诊超40万例！钟南山新建议上热搜……
2021-04-21 09:30:16 database.py[line:40] INFO 公众号：杭州市上城区统一战线,发布时间：time.struct_time(tm_year=2020, tm_mon=3, tm_mday=27, tm_hour=10, tm_min=0, tm_sec=31, tm_wday=4, tm_yday=87, tm_isdst=0)，数据写入成功,标题为:嘉兴病例详情公布!从萧山机场接回海宁后自驾回温州扫墓,之后确诊!
2021-04-21 09:30:16 database.py[line:40] INFO 公众号：杭州市上城区统一战线,发布时间：time.struct_time(tm_year=2020, tm_mon=3, tm_mday=27, tm_hour=9, tm_min=13, tm_sec=56, tm_wday=4, tm_yday=87, tm_isdst=0)，数据写入成功,标题为:杭州今起发放16.8亿元电子消费券，你领到了吗？申领和使用须知来了
2021-04-21 09:30:17 database.py[line:40] INFO 公众号：杭州市上城区统一战线,发布时间：time.struct_time(tm_year=2020, tm_mon=3, tm_mday=26, tm_hour=16, tm_min=3, tm_sec=5, tm_wday=3, tm_yday=86, tm_isdst=0)，数据写入成功,标题为:海外留学生，这里有一份来自祖国的防疫攻略
2021-04-21 09:30:17 database.py[line:40] INFO 公众号：杭州市上城区统一战线,发布时间：time.struct_time(tm_year=2020, tm_mon=3, tm_mday=26, tm_hour=14, tm_min=11, tm_sec=51, tm_wday=3, tm_yday=86, tm_isdst=0)，数据写入成功,标题为:重大发现!病毒1月1日起就在意大利传播
2021-04-21 09:30:17 database.py[line:40] INFO 公众号：杭州市上城区统一战线,发布时间：time.struct_time(tm_year=2020, tm_mon=3, tm_mday=26, tm_hour=11, tm_min=16, tm_sec=1, tm_wday=3, tm_yday=86, tm_isdst=0)，数据写入成功,标题为:全球确诊超40万例！钟南山新建议上热搜……
2021-04-21 09:30:22 database.py[line:40] INFO 公众号：杭州市上城区统一战线,发布时间：time.struct_time(tm_year=2020, tm_mon=3, tm_mday=27, tm_hour=10, tm_min=0, tm_sec=31, tm_wday=4, tm_yday=87, tm_isdst=0)，数据写入成功,标题为:嘉兴病例详情公布!从萧山机场接回海宁后自驾回温州扫墓,之后确诊!
2021-04-21 09:30:22 database.py[line:40] INFO 公众号：杭州市上城区统一战线,发布时间：time.struct_time(tm_year=2020, tm_mon=3, tm_mday=27, tm_hour=9, tm_min=13, tm_sec=56, tm_wday=4, tm_yday=87, tm_isdst=0)，数据写入成功,标题为:杭州今起发放16.8亿元电子消费券，你领到了吗？申领和使用须知来了
2021-04-21 09:30:22 database.py[line:40] INFO 公众号：杭州市上城区统一战线,发布时间：time.struct_time(tm_year=2020, tm_mon=3, tm_mday=26, tm_hour=16, tm_min=3, tm_sec=5, tm_wday=3, tm_yday=86, tm_isdst=0)，数据写入成功,标题为:海外留学生，这里有一份来自祖国的防疫攻略
2021-04-21 09:30:22 database.py[line:40] INFO 公众号：杭州市上城区统一战线,发布时间：time.struct_time(tm_year=2020, tm_mon=3, tm_mday=26, tm_hour=14, tm_min=11, tm_sec=51, tm_wday=3, tm_yday=86, tm_isdst=0)，数据写入成功,标题为:重大发现!病毒1月1日起就在意大利传播
2021-04-21 09:30:22 database.py[line:40] INFO 公众号：杭州市上城区统一战线,发布时间：time.struct_time(tm_year=2020, tm_mon=3, tm_mday=26, tm_hour=11, tm_min=16, tm_sec=1, tm_wday=3, tm_yday=86, tm_isdst=0)，数据写入成功,标题为:全球确诊超40万例！钟南山新建议上热搜……
2021-04-21 09:30:27 database.py[line:40] INFO 公众号：杭州市上城区统一战线,发布时间：time.struct_time(tm_year=2020, tm_mon=3, tm_mday=27, tm_hour=10, tm_min=0, tm_sec=31, tm_wday=4, tm_yday=87, tm_isdst=0)，数据写入成功,标题为:嘉兴病例详情公布!从萧山机场接回海宁后自驾回温州扫墓,之后确诊!
2021-04-21 09:30:27 database.py[line:40] INFO 公众号：杭州市上城区统一战线,发布时间：time.struct_time(tm_year=2020, tm_mon=3, tm_mday=27, tm_hour=9, tm_min=13, tm_sec=56, tm_wday=4, tm_yday=87, tm_isdst=0)，数据写入成功,标题为:杭州今起发放16.8亿元电子消费券，你领到了吗？申领和使用须知来了
2021-04-21 09:30:27 database.py[line:40] INFO 公众号：杭州市上城区统一战线,发布时间：time.struct_time(tm_year=2020, tm_mon=3, tm_mday=26, tm_hour=16, tm_min=3, tm_sec=5, tm_wday=3, tm_yday=86, tm_isdst=0)，数据写入成功,标题为:海外留学生，这里有一份来自祖国的防疫攻略
2021-04-21 09:30:27 database.py[line:40] INFO 公众号：杭州市上城区统一战线,发布时间：time.struct_time(tm_year=2020, tm_mon=3, tm_mday=26, tm_hour=14, tm_min=11, tm_sec=51, tm_wday=3, tm_yday=86, tm_isdst=0)，数据写入成功,标题为:重大发现!病毒1月1日起就在意大利传播
2021-04-21 09:30:27 database.py[line:40] INFO 公众号：杭州市上城区统一战线,发布时间：time.struct_time(tm_year=2020, tm_mon=3, tm_mday=26, tm_hour=11, tm_min=16, tm_sec=1, tm_wday=3, tm_yday=86, tm_isdst=0)，数据写入成功,标题为:全球确诊超40万例！钟南山新建议上热搜……
2021-04-21 09:30:32 database.py[line:40] INFO 公众号：杭州市上城区统一战线,发布时间：time.struct_time(tm_year=2020, tm_mon=3, tm_mday=27, tm_hour=10, tm_min=0, tm_sec=31, tm_wday=4, tm_yday=87, tm_isdst=0)，数据写入成功,标题为:嘉兴病例详情公布!从萧山机场接回海宁后自驾回温州扫墓,之后确诊!
2021-04-21 09:30:32 database.py[line:40] INFO 公众号：杭州市上城区统一战线,发布时间：time.struct_time(tm_year=2020, tm_mon=3, tm_mday=27, tm_hour=9, tm_min=13, tm_sec=56, tm_wday=4, tm_yday=87, tm_isdst=0)，数据写入成功,标题为:杭州今起发放16.8亿元电子消费券，你领到了吗？申领和使用须知来了
2021-04-21 09:30:32 database.py[line:40] INFO 公众号：杭州市上城区统一战线,发布时间：time.struct_time(tm_year=2020, tm_mon=3, tm_mday=26, tm_hour=16, tm_min=3, tm_sec=5, tm_wday=3, tm_yday=86, tm_isdst=0)，数据写入成功,标题为:海外留学生，这里有一份来自祖国的防疫攻略
2021-04-21 09:30:32 database.py[line:40] INFO 公众号：杭州市上城区统一战线,发布时间：time.struct_time(tm_year=2020, tm_mon=3, tm_mday=26, tm_hour=14, tm_min=11, tm_sec=51, tm_wday=3, tm_yday=86, tm_isdst=0)，数据写入成功,标题为:重大发现!病毒1月1日起就在意大利传播
2021-04-21 09:30:32 database.py[line:40] INFO 公众号：杭州市上城区统一战线,发布时间：time.struct_time(tm_year=2020, tm_mon=3, tm_mday=26, tm_hour=11, tm_min=16, tm_sec=1, tm_wday=3, tm_yday=86, tm_isdst=0)，数据写入成功,标题为:全球确诊超40万例！钟南山新建议上热搜……
2021-04-21 09:30:39 database.py[line:40] INFO 公众号：杭州市上城区统一战线,发布时间：time.struct_time(tm_year=2020, tm_mon=3, tm_mday=27, tm_hour=10, tm_min=0, tm_sec=31, tm_wday=4, tm_yday=87, tm_isdst=0)，数据写入成功,标题为:嘉兴病例详情公布!从萧山机场接回海宁后自驾回温州扫墓,之后确诊!
2021-04-21 09:30:39 database.py[line:40] INFO 公众号：杭州市上城区统一战线,发布时间：time.struct_time(tm_year=2020, tm_mon=3, tm_mday=27, tm_hour=9, tm_min=13, tm_sec=56, tm_wday=4, tm_yday=87, tm_isdst=0)，数据写入成功,标题为:杭州今起发放16.8亿元电子消费券，你领到了吗？申领和使用须知来了
2021-04-21 09:30:39 database.py[line:40] INFO 公众号：杭州市上城区统一战线,发布时间：time.struct_time(tm_year=2020, tm_mon=3, tm_mday=26, tm_hour=16, tm_min=3, tm_sec=5, tm_wday=3, tm_yday=86, tm_isdst=0)，数据写入成功,标题为:海外留学生，这里有一份来自祖国的防疫攻略
2021-04-21 09:30:39 database.py[line:40] INFO 公众号：杭州市上城区统一战线,发布时间：time.struct_time(tm_year=2020, tm_mon=3, tm_mday=26, tm_hour=14, tm_min=11, tm_sec=51, tm_wday=3, tm_yday=86, tm_isdst=0)，数据写入成功,标题为:重大发现!病毒1月1日起就在意大利传播
2021-04-21 09:30:39 database.py[line:40] INFO 公众号：杭州市上城区统一战线,发布时间：time.struct_time(tm_year=2020, tm_mon=3, tm_mday=26, tm_hour=11, tm_min=16, tm_sec=1, tm_wday=3, tm_yday=86, tm_isdst=0)，数据写入成功,标题为:全球确诊超40万例！钟南山新建议上热搜……
2021-04-21 09:30:43 database.py[line:40] INFO 公众号：杭州市上城区统一战线,发布时间：time.struct_time(tm_year=2020, tm_mon=3, tm_mday=27, tm_hour=10, tm_min=0, tm_sec=31, tm_wday=4, tm_yday=87, tm_isdst=0)，数据写入成功,标题为:嘉兴病例详情公布!从萧山机场接回海宁后自驾回温州扫墓,之后确诊!
2021-04-21 09:30:43 database.py[line:40] INFO 公众号：杭州市上城区统一战线,发布时间：time.struct_time(tm_year=2020, tm_mon=3, tm_mday=27, tm_hour=9, tm_min=13, tm_sec=56, tm_wday=4, tm_yday=87, tm_isdst=0)，数据写入成功,标题为:杭州今起发放16.8亿元电子消费券，你领到了吗？申领和使用须知来了
2021-04-21 09:30:43 database.py[line:40] INFO 公众号：杭州市上城区统一战线,发布时间：time.struct_time(tm_year=2020, tm_mon=3, tm_mday=26, tm_hour=16, tm_min=3, tm_sec=5, tm_wday=3, tm_yday=86, tm_isdst=0)，数据写入成功,标题为:海外留学生，这里有一份来自祖国的防疫攻略
2021-04-21 09:30:43 database.py[line:40] INFO 公众号：杭州市上城区统一战线,发布时间：time.struct_time(tm_year=2020, tm_mon=3, tm_mday=26, tm_hour=14, tm_min=11, tm_sec=51, tm_wday=3, tm_yday=86, tm_isdst=0)，数据写入成功,标题为:重大发现!病毒1月1日起就在意大利传播
2021-04-21 09:30:43 database.py[line:40] INFO 公众号：杭州市上城区统一战线,发布时间：time.struct_time(tm_year=2020, tm_mon=3, tm_mday=26, tm_hour=11, tm_min=16, tm_sec=1, tm_wday=3, tm_yday=86, tm_isdst=0)，数据写入成功,标题为:全球确诊超40万例！钟南山新建议上热搜……
2021-04-21 11:06:56 get_token.py[line:46] INFO token 保存至redis成功：746571192
2021-04-21 12:26:12 get_token.py[line:46] INFO token 保存至redis成功：746571192
2021-04-21 13:55:09 get_token.py[line:46] INFO token 保存至redis成功：746571192
2021-04-21 14:07:02 get_token.py[line:45] INFO token 保存至redis成功：746571192
2021-04-21 14:07:11 get_token.py[line:45] INFO token 保存至redis成功：746571192
2021-04-21 14:07:18 wechat_new_word.py[line:63] INFO 页码 0,fakeid 统战新语,返回json结果
2021-04-21 14:07:18 wechat_new_word.py[line:72] INFO 解析失败,重新请求:'app_msg_list'
